<?xml version="1.0" encoding="UTF-8"?>
<!-- Generated by org.testng.reporters.JUnitReportReporter -->
<testsuite hostname="BoseFamily" failures="0" tests="1" name="aug17.Demo1" time="2.934" errors="0" timestamp="2023-09-04T16:03:50 IST" skipped="0">
  <testcase classname="aug17.Demo1" name="checkTitle" time="2.934">
    <system-out>
      <![CDATA[Title is not matching expected [true] but found [false]]]>
    </system-out>
  </testcase> <!-- checkTitle -->
  <system-out>
    <![CDATA[Title is not matching expected [true] but found [false]]]>
  </system-out>
</testsuite> <!-- aug17.Demo1 -->
