<?xml version="1.0" encoding="UTF-8"?>
<!-- Generated by org.testng.reporters.JUnitReportReporter -->
<testsuite hostname="BoseFamily" failures="0" tests="7" name="pack1.SecondTestNgClass" time="12.747" errors="0" timestamp="2023-09-03T19:54:42 IST" skipped="1">
  <testcase classname="pack1.SecondTestNgClass" name="division" time="2.140">
    <system-out>
      <![CDATA[57251.97435897436  Executing Division Test]]>
    </system-out>
  </testcase> <!-- division -->
  <testcase classname="pack1.SecondTestNgClass" name="addition" time="2.170">
    <system-out>
      <![CDATA[107530  Executing Addtion Test]]>
    </system-out>
  </testcase> <!-- addition -->
  <testcase classname="pack1.SecondTestNgClass" name="addition" time="2.080">
    <system-out>
      <![CDATA[107530  Executing Addtion Test]]>
    </system-out>
  </testcase> <!-- addition -->
  <testcase classname="pack1.SecondTestNgClass" name="addition" time="2.103">
    <system-out>
      <![CDATA[107530  Executing Addtion Test]]>
    </system-out>
  </testcase> <!-- addition -->
  <testcase classname="pack1.SecondTestNgClass" name="addition" time="2.224">
    <system-out>
      <![CDATA[107530  Executing Addtion Test]]>
    </system-out>
  </testcase> <!-- addition -->
  <testcase classname="pack1.SecondTestNgClass" name="addition" time="2.030">
    <system-out>
      <![CDATA[107530  Executing Addtion Test]]>
    </system-out>
  </testcase> <!-- addition -->
  <testcase classname="pack1.SecondTestNgClass" name="multiplication">
    <skipped/>
  </testcase> <!-- multiplication -->
  <system-out>
    <![CDATA[Running Before Suite
Running pre-conditions
Executing cBanking Test
Executing iBanking Test
Executing pBanking Test
Running post-conditions
Running Precondition
57251.97435897436  Executing Division Test
Running Postcondition
Running Precondition
107530  Executing Addtion Test
Running Postcondition
Running Precondition
107530  Executing Addtion Test
Running Postcondition
Running Precondition
107530  Executing Addtion Test
Running Postcondition
Running Precondition
107530  Executing Addtion Test
Running Postcondition
Running Precondition
107530  Executing Addtion Test
Running Postcondition
Executing Admin Test
Executing Leave Test
Executing Pim Test
Running After Suite]]>
  </system-out>
</testsuite> <!-- pack1.SecondTestNgClass -->
