<?xml version="1.0" encoding="UTF-8"?>
<!-- Generated by org.testng.reporters.JUnitReportReporter -->
<testsuite hostname="BoseFamily" failures="0" tests="1" name="aug17.Using_PropertyFile" time="4.486" errors="0" timestamp="2023-09-04T16:28:20 IST" skipped="0">
  <testcase classname="aug17.Using_PropertyFile" name="startTest" time="4.486">
    <system-out>
      <![CDATA[Login Failed expected [true] but found [false]]]>
    </system-out>
  </testcase> <!-- startTest -->
  <system-out>
    <![CDATA[Login Failed expected [true] but found [false]]]>
  </system-out>
</testsuite> <!-- aug17.Using_PropertyFile -->
