<?xml version="1.0" encoding="UTF-8"?>
<!-- Generated by org.testng.reporters.JUnitReportReporter -->
<testsuite hostname="BoseFamily" failures="0" tests="3" name="pack1.FirstTestNgClass" time="1.139" errors="0" timestamp="2023-09-03T19:54:42 IST" skipped="0">
  <testcase classname="pack1.FirstTestNgClass" name="pBanking" time="0.524">
    <system-out>
      <![CDATA[Executing pBanking Test]]>
    </system-out>
  </testcase> <!-- pBanking -->
  <testcase classname="pack1.FirstTestNgClass" name="iBanking" time="0.274">
    <system-out>
      <![CDATA[Executing iBanking Test]]>
    </system-out>
  </testcase> <!-- iBanking -->
  <testcase classname="pack1.FirstTestNgClass" name="cBanking" time="0.341">
    <system-out>
      <![CDATA[Executing cBanking Test]]>
    </system-out>
  </testcase> <!-- cBanking -->
  <system-out>
    <![CDATA[Running Before Suite
Running pre-conditions
Executing cBanking Test
Executing iBanking Test
Executing pBanking Test
Running post-conditions
Running Precondition
57251.97435897436  Executing Division Test
Running Postcondition
Running Precondition
107530  Executing Addtion Test
Running Postcondition
Running Precondition
107530  Executing Addtion Test
Running Postcondition
Running Precondition
107530  Executing Addtion Test
Running Postcondition
Running Precondition
107530  Executing Addtion Test
Running Postcondition
Running Precondition
107530  Executing Addtion Test
Running Postcondition
Executing Admin Test
Executing Leave Test
Executing Pim Test
Running After Suite]]>
  </system-out>
</testsuite> <!-- pack1.FirstTestNgClass -->
