<?xml version="1.0" encoding="UTF-8"?>
<!-- Generated by org.testng.reporters.JUnitReportReporter -->
<testsuite hostname="BoseFamily" failures="0" tests="10" name="aug16.CrossBrowserTesting" time="11.003" errors="0" timestamp="2023-09-06T21:45:00 IST" skipped="0">
  <testcase classname="aug16.CrossBrowserTesting" name="verify_Login" time="0.775">
    <system-out>
      <![CDATA[Login Fail::dashboard     http://orangehrm.qedgetech.com/symfony/web/index.php/auth/validateCredentials]]>
    </system-out>
  </testcase> <!-- verify_Login -->
  <testcase classname="aug16.CrossBrowserTesting" name="verify_Login" time="1.017">
    <system-out>
      <![CDATA[Login success::dashboard     http://orangehrm.qedgetech.com/symfony/web/index.php/dashboard]]>
    </system-out>
  </testcase> <!-- verify_Login -->
  <testcase classname="aug16.CrossBrowserTesting" name="verify_Login" time="0.475">
    <system-out>
      <![CDATA[Login Fail::dashboard     http://orangehrm.qedgetech.com/symfony/web/index.php/auth/validateCredentials]]>
    </system-out>
  </testcase> <!-- verify_Login -->
  <testcase classname="aug16.CrossBrowserTesting" name="verify_Login" time="0.980">
    <system-out>
      <![CDATA[Login Fail::dashboard     http://orangehrm.qedgetech.com/symfony/web/index.php/auth/validateCredentials]]>
    </system-out>
  </testcase> <!-- verify_Login -->
  <testcase classname="aug16.CrossBrowserTesting" name="verify_Login" time="0.461">
    <system-out>
      <![CDATA[Login Fail::dashboard     http://orangehrm.qedgetech.com/symfony/web/index.php/auth/validateCredentials]]>
    </system-out>
  </testcase> <!-- verify_Login -->
  <testcase classname="aug16.CrossBrowserTesting" name="verify_Login" time="1.020">
    <system-out>
      <![CDATA[Login success::dashboard     http://orangehrm.qedgetech.com/symfony/web/index.php/dashboard]]>
    </system-out>
  </testcase> <!-- verify_Login -->
  <testcase classname="aug16.CrossBrowserTesting" name="verify_Login" time="2.315">
    <system-out>
      <![CDATA[Login success::dashboard     http://orangehrm.qedgetech.com/symfony/web/index.php/dashboard]]>
    </system-out>
  </testcase> <!-- verify_Login -->
  <testcase classname="aug16.CrossBrowserTesting" name="verify_Login" time="1.010">
    <system-out>
      <![CDATA[Login success::dashboard     http://orangehrm.qedgetech.com/symfony/web/index.php/dashboard]]>
    </system-out>
  </testcase> <!-- verify_Login -->
  <testcase classname="aug16.CrossBrowserTesting" name="verify_Login" time="1.036">
    <system-out>
      <![CDATA[Login success::dashboard     http://orangehrm.qedgetech.com/symfony/web/index.php/dashboard]]>
    </system-out>
  </testcase> <!-- verify_Login -->
  <testcase classname="aug16.CrossBrowserTesting" name="verify_Login" time="1.914">
    <system-out>
      <![CDATA[Login success::dashboard     http://orangehrm.qedgetech.com/symfony/web/index.php/dashboard]]>
    </system-out>
  </testcase> <!-- verify_Login -->
  <system-out>
    <![CDATA[Login success::dashboard     http://orangehrm.qedgetech.com/symfony/web/index.php/dashboard
Login Fail::dashboard     http://orangehrm.qedgetech.com/symfony/web/index.php/auth/validateCredentials
Login Fail::dashboard     http://orangehrm.qedgetech.com/symfony/web/index.php/auth/validateCredentials
Login success::dashboard     http://orangehrm.qedgetech.com/symfony/web/index.php/dashboard
Login success::dashboard     http://orangehrm.qedgetech.com/symfony/web/index.php/dashboard
Running post condition
Login success::dashboard     http://orangehrm.qedgetech.com/symfony/web/index.php/dashboard
Login Fail::dashboard     http://orangehrm.qedgetech.com/symfony/web/index.php/auth/validateCredentials
Login Fail::dashboard     http://orangehrm.qedgetech.com/symfony/web/index.php/auth/validateCredentials
Login success::dashboard     http://orangehrm.qedgetech.com/symfony/web/index.php/dashboard
Login success::dashboard     http://orangehrm.qedgetech.com/symfony/web/index.php/dashboard
Running post condition]]>
  </system-out>
</testsuite> <!-- aug16.CrossBrowserTesting -->
