<?xml version="1.0" encoding="UTF-8"?>
<!-- Generated by org.testng.reporters.JUnitReportReporter -->
<testsuite hostname="BoseFamily" failures="0" tests="3" name="pack1.ThirdTestNgClass" time="1.403" errors="0" timestamp="2023-09-03T19:54:42 IST" skipped="0">
  <testcase classname="pack1.ThirdTestNgClass" name="clickAdmin" time="0.516">
    <system-out>
      <![CDATA[Executing Admin Test]]>
    </system-out>
  </testcase> <!-- clickAdmin -->
  <testcase classname="pack1.ThirdTestNgClass" name="clickPim" time="0.485">
    <system-out>
      <![CDATA[Executing Pim Test]]>
    </system-out>
  </testcase> <!-- clickPim -->
  <testcase classname="pack1.ThirdTestNgClass" name="clickLeave" time="0.402">
    <system-out>
      <![CDATA[Executing Leave Test]]>
    </system-out>
  </testcase> <!-- clickLeave -->
  <system-out>
    <![CDATA[Running Before Suite
Running pre-conditions
Executing cBanking Test
Executing iBanking Test
Executing pBanking Test
Running post-conditions
Running Precondition
57251.97435897436  Executing Division Test
Running Postcondition
Running Precondition
107530  Executing Addtion Test
Running Postcondition
Running Precondition
107530  Executing Addtion Test
Running Postcondition
Running Precondition
107530  Executing Addtion Test
Running Postcondition
Running Precondition
107530  Executing Addtion Test
Running Postcondition
Running Precondition
107530  Executing Addtion Test
Running Postcondition
Executing Admin Test
Executing Leave Test
Executing Pim Test
Running After Suite]]>
  </system-out>
</testsuite> <!-- pack1.ThirdTestNgClass -->
