<?xml version="1.0" encoding="UTF-8"?>
<!-- Generated by org.testng.reporters.JUnitReportReporter -->
<testsuite hostname="BoseFamily" failures="0" tests="1" name="aug17.Demo" time="6.154" errors="0" timestamp="2023-09-04T15:00:10 IST" skipped="0">
  <testcase classname="aug17.Demo" name="checkTitle" time="6.154">
    <system-out>
      <![CDATA[Title is not matching expected [Yahoo | Mail, Weather, Search, Politics, News, Finance, Sports & Videos] but found [google]]]>
    </system-out>
  </testcase> <!-- checkTitle -->
  <system-out>
    <![CDATA[Title is not matching expected [Yahoo | Mail, Weather, Search, Politics, News, Finance, Sports & Videos] but found [google]]]>
  </system-out>
</testsuite> <!-- aug17.Demo -->
