<?xml version="1.0" encoding="UTF-8"?>
<!-- Generated by org.testng.reporters.JUnitReportReporter -->
<testsuite hostname="BoseFamily" failures="0" tests="2" name="aug21.AdvanceReportsDemo" time="8.105" errors="0" timestamp="2023-09-14T19:18:36 IST" skipped="0">
  <testcase classname="aug21.AdvanceReportsDemo" name="failTest" time="2.548"/>
  <testcase classname="aug21.AdvanceReportsDemo" name="passTest" time="5.557"/>
</testsuite> <!-- aug21.AdvanceReportsDemo -->
