<?xml version="1.0" encoding="UTF-8"?>
<!-- Generated by org.testng.reporters.JUnitReportReporter -->
<testsuite hostname="BoseFamily" failures="0" tests="5" name="aug16.UsingDataProvider" time="7.137" errors="0" timestamp="2023-09-04T16:00:21 IST" skipped="0">
  <testcase classname="aug16.UsingDataProvider" name="verify_Login" time="0.871">
    <system-out>
      <![CDATA[Login Fail expected [true] but found [false]]]>
    </system-out>
  </testcase> <!-- verify_Login -->
  <testcase classname="aug16.UsingDataProvider" name="verify_Login" time="1.122">
    <system-out>
      <![CDATA[Login Successful expected [false] but found [true]]]>
    </system-out>
  </testcase> <!-- verify_Login -->
  <testcase classname="aug16.UsingDataProvider" name="verify_Login" time="1.019">
    <system-out>
      <![CDATA[Login Successful expected [false] but found [true]]]>
    </system-out>
  </testcase> <!-- verify_Login -->
  <testcase classname="aug16.UsingDataProvider" name="verify_Login" time="3.637">
    <system-out>
      <![CDATA[Login Successful expected [false] but found [true]]]>
    </system-out>
  </testcase> <!-- verify_Login -->
  <testcase classname="aug16.UsingDataProvider" name="verify_Login" time="0.488">
    <system-out>
      <![CDATA[Login Fail expected [true] but found [false]]]>
    </system-out>
  </testcase> <!-- verify_Login -->
  <system-out>
    <![CDATA[Running pre condition
Login Successful expected [false] but found [true]
Login Fail expected [true] but found [false]
Login Fail expected [true] but found [false]
Login Successful expected [false] but found [true]
Login Successful expected [false] but found [true]
Running post condition]]>
  </system-out>
</testsuite> <!-- aug16.UsingDataProvider -->
